# JRE version: Java(TM) SE Runtime Environment (8.0_161-b12) (build 1.8.0_161-b12)
# Java VM: Java HotSpot(TM) 64-Bit Server VM (25.161-b12 mixed mode windows-amd64 compressed oops)
Heap:
 PSYoungGen      total 197632K, used 118201K [0x00000000d6300000, 0x00000000e8800000, 0x0000000100000000)
  eden space 178176K, 55% used [0x00000000d6300000,0x00000000dc376220,0x00000000e1100000)
  from space 19456K, 99% used [0x00000000e7500000,0x00000000e87f8538,0x00000000e8800000)
  to   space 23552K, 0% used [0x00000000e5a00000,0x00000000e5a00000,0x00000000e7100000)
 ParOldGen       total 91136K, used 32284K [0x0000000082800000, 0x0000000088100000, 0x00000000d6300000)
  object space 91136K, 35% used [0x0000000082800000,0x00000000847870d0,0x0000000088100000)
 Metaspace       used 25585K, capacity 26172K, committed 26368K, reserved 1073152K
  class space    used 3020K, capacity 3226K, committed 3328K, reserved 1048576K
GC Heap History (10 events):
Event: 3.292 GC heap before
{Heap before GC invocations=5 (full 0):
 PSYoungGen      total 70656K, used 70640K [0x00000000d6300000, 0x00000000dad00000, 0x0000000100000000)
  eden space 65536K, 100% used [0x00000000d6300000,0x00000000da300000,0x00000000da300000)
  from space 5120K, 99% used [0x00000000da800000,0x00000000dacfc030,0x00000000dad00000)
  to   space 5120K, 0% used [0x00000000da300000,0x00000000da300000,0x00000000da800000)
 ParOldGen       total 86016K, used 9514K [0x0000000082800000, 0x0000000087c00000, 0x00000000d6300000)
  object space 86016K, 11% used [0x0000000082800000,0x000000008314a9b0,0x0000000087c00000)
 Metaspace       used 15598K, capacity 15808K, committed 16128K, reserved 1062912K
  class space    used 1869K, capacity 1944K, committed 2048K, reserved 1048576K
Event: 3.312 GC heap after
Heap after GC invocations=5 (full 0):
 PSYoungGen      total 70656K, used 5104K [0x00000000d6300000, 0x00000000e0000000, 0x0000000100000000)
  eden space 65536K, 0% used [0x00000000d6300000,0x00000000d6300000,0x00000000da300000)
  from space 5120K, 99% used [0x00000000da300000,0x00000000da7fc010,0x00000000da800000)
  to   space 14848K, 0% used [0x00000000df180000,0x00000000df180000,0x00000000e0000000)
 ParOldGen       total 86016K, used 18684K [0x0000000082800000, 0x0000000087c00000, 0x00000000d6300000)
  object space 86016K, 21% used [0x0000000082800000,0x0000000083a3f0d8,0x0000000087c00000)
 Metaspace       used 15598K, capacity 15808K, committed 16128K, reserved 1062912K
  class space    used 1869K, capacity 1944K, committed 2048K, reserved 1048576K
}
Event: 4.681 GC heap before
{Heap before GC invocations=6 (full 0):
 PSYoungGen      total 70656K, used 70640K [0x00000000d6300000, 0x00000000e0000000, 0x0000000100000000)
  eden space 65536K, 100% used [0x00000000d6300000,0x00000000da300000,0x00000000da300000)
  from space 5120K, 99% used [0x00000000da300000,0x00000000da7fc010,0x00000000da800000)
  to   space 14848K, 0% used [0x00000000df180000,0x00000000df180000,0x00000000e0000000)
 ParOldGen       total 86016K, used 18684K [0x0000000082800000, 0x0000000087c00000, 0x00000000d6300000)
  object space 86016K, 21% used [0x0000000082800000,0x0000000083a3f0d8,0x0000000087c00000)
 Metaspace       used 15951K, capacity 16152K, committed 16384K, reserved 1062912K
  class space    used 1874K, capacity 1948K, committed 2048K, reserved 1048576K
Event: 4.697 GC heap after
Heap after GC invocations=6 (full 0):
 PSYoungGen      total 145408K, used 11568K [0x00000000d6300000, 0x00000000e0100000, 0x0000000100000000)
  eden space 130560K, 0% used [0x00000000d6300000,0x00000000d6300000,0x00000000de280000)
  from space 14848K, 77% used [0x00000000df180000,0x00000000dfccc030,0x00000000e0000000)
  to   space 15360K, 0% used [0x00000000de280000,0x00000000de280000,0x00000000df180000)
 ParOldGen       total 86016K, used 18692K [0x0000000082800000, 0x0000000087c00000, 0x00000000d6300000)
  object space 86016K, 21% used [0x0000000082800000,0x0000000083a410d8,0x0000000087c00000)
 Metaspace       used 15951K, capacity 16152K, committed 16384K, reserved 1062912K
  class space    used 1874K, capacity 1948K, committed 2048K, reserved 1048576K
}
Event: 7.377 GC heap before
{Heap before GC invocations=7 (full 0):
 PSYoungGen      total 145408K, used 102125K [0x00000000d6300000, 0x00000000e0100000, 0x0000000100000000)
  eden space 130560K, 69% used [0x00000000d6300000,0x00000000dbb6f600,0x00000000de280000)
  from space 14848K, 77% used [0x00000000df180000,0x00000000dfccc030,0x00000000e0000000)
  to   space 15360K, 0% used [0x00000000de280000,0x00000000de280000,0x00000000df180000)
 ParOldGen       total 86016K, used 18692K [0x0000000082800000, 0x0000000087c00000, 0x00000000d6300000)
  object space 86016K, 21% used [0x0000000082800000,0x0000000083a410d8,0x0000000087c00000)
 Metaspace       used 20635K, capacity 21078K, committed 21296K, reserved 1069056K
  class space    used 2467K, capacity 2613K, committed 2688K, reserved 1048576K
Event: 7.422 GC heap after
Heap after GC invocations=7 (full 0):
 PSYoungGen      total 145920K, used 15336K [0x00000000d6300000, 0x00000000e8800000, 0x0000000100000000)
  eden space 130560K, 0% used [0x00000000d6300000,0x00000000d6300000,0x00000000de280000)
  from space 15360K, 99% used [0x00000000de280000,0x00000000df17a200,0x00000000df180000)
  to   space 19456K, 0% used [0x00000000e7500000,0x00000000e7500000,0x00000000e8800000)
 ParOldGen       total 86016K, used 22086K [0x0000000082800000, 0x0000000087c00000, 0x00000000d6300000)
  object space 86016K, 25% used [0x0000000082800000,0x0000000083d91900,0x0000000087c00000)
 Metaspace       used 20635K, capacity 21078K, committed 21296K, reserved 1069056K
  class space    used 2467K, capacity 2613K, committed 2688K, reserved 1048576K
}
Event: 7.422 GC heap before
{Heap before GC invocations=8 (full 1):
 PSYoungGen      total 145920K, used 15336K [0x00000000d6300000, 0x00000000e8800000, 0x0000000100000000)
  eden space 130560K, 0% used [0x00000000d6300000,0x00000000d6300000,0x00000000de280000)
  from space 15360K, 99% used [0x00000000de280000,0x00000000df17a200,0x00000000df180000)
  to   space 19456K, 0% used [0x00000000e7500000,0x00000000e7500000,0x00000000e8800000)
 ParOldGen       total 86016K, used 22086K [0x0000000082800000, 0x0000000087c00000, 0x00000000d6300000)
  object space 86016K, 25% used [0x0000000082800000,0x0000000083d91900,0x0000000087c00000)
 Metaspace       used 20635K, capacity 21078K, committed 21296K, reserved 1069056K
  class space    used 2467K, capacity 2613K, committed 2688K, reserved 1048576K
Event: 7.624 GC heap after
Heap after GC invocations=8 (full 1):
 PSYoungGen      total 145920K, used 0K [0x00000000d6300000, 0x00000000e8800000, 0x0000000100000000)
  eden space 130560K, 0% used [0x00000000d6300000,0x00000000d6300000,0x00000000de280000)
  from space 15360K, 0% used [0x00000000de280000,0x00000000de280000,0x00000000df180000)
  to   space 19456K, 0% used [0x00000000e7500000,0x00000000e7500000,0x00000000e8800000)
 ParOldGen       total 91136K, used 29643K [0x0000000082800000, 0x0000000088100000, 0x00000000d6300000)
  object space 91136K, 32% used [0x0000000082800000,0x00000000844f2dd8,0x0000000088100000)
 Metaspace       used 20635K, capacity 21078K, committed 21296K, reserved 1069056K
  class space    used 2467K, capacity 2613K, committed 2688K, reserved 1048576K
}
Event: 10.903 GC heap before
{Heap before GC invocations=9 (full 1):
 PSYoungGen      total 145920K, used 130544K [0x00000000d6300000, 0x00000000e8800000, 0x0000000100000000)
  eden space 130560K, 99% used [0x00000000d6300000,0x00000000de27c040,0x00000000de280000)
  from space 15360K, 0% used [0x00000000de280000,0x00000000de280000,0x00000000df180000)
  to   space 19456K, 0% used [0x00000000e7500000,0x00000000e7500000,0x00000000e8800000)
 ParOldGen       total 91136K, used 29643K [0x0000000082800000, 0x0000000088100000, 0x00000000d6300000)
  object space 91136K, 32% used [0x0000000082800000,0x00000000844f2dd8,0x0000000088100000)
 Metaspace       used 22981K, capacity 23510K, committed 23680K, reserved 1071104K
  class space    used 2703K, capacity 2869K, committed 2944K, reserved 1048576K
Event: 10.931 GC heap after
Heap after GC invocations=9 (full 1):
 PSYoungGen      total 197632K, used 19425K [0x00000000d6300000, 0x00000000e8800000, 0x0000000100000000)
  eden space 178176K, 0% used [0x00000000d6300000,0x00000000d6300000,0x00000000e1100000)
  from space 19456K, 99% used [0x00000000e7500000,0x00000000e87f8538,0x00000000e8800000)
  to   space 23552K, 0% used [0x00000000e5a00000,0x00000000e5a00000,0x00000000e7100000)
 ParOldGen       total 91136K, used 32284K [0x0000000082800000, 0x0000000088100000, 0x00000000d6300000)
  object space 91136K, 35% used [0x0000000082800000,0x00000000847870d0,0x0000000088100000)
 Metaspace       used 22981K, capacity 23510K, committed 23680K, reserved 1071104K
  class space    used 2703K, capacity 2869K, committed 2944K, reserved 1048576K
}

