# JRE version: Java(TM) SE Runtime Environment (8.0_161-b12) (build 1.8.0_161-b12)
# Java VM: Java HotSpot(TM) 64-Bit Server VM (25.161-b12 mixed mode windows-amd64 compressed oops)
Heap:
 PSYoungGen      total 136192K, used 15854K [0x00000000d6300000, 0x00000000e1e80000, 0x0000000100000000)
  eden space 127488K, 12% used [0x00000000d6300000,0x00000000d727bbe8,0x00000000ddf80000)
  from space 8704K, 0% used [0x00000000ddf80000,0x00000000ddf80000,0x00000000de800000)
  to   space 10752K, 0% used [0x00000000e1400000,0x00000000e1400000,0x00000000e1e80000)
 ParOldGen       total 52224K, used 16108K [0x0000000082800000, 0x0000000085b00000, 0x00000000d6300000)
  object space 52224K, 30% used [0x0000000082800000,0x00000000837bb2c8,0x0000000085b00000)
 Metaspace       used 34885K, capacity 36536K, committed 36648K, reserved 1081344K
  class space    used 4577K, capacity 4895K, committed 4912K, reserved 1048576K
GC Heap History (10 events):
Event: 2.262 GC heap before
{Heap before GC invocations=7 (full 1):
 PSYoungGen      total 70656K, used 65506K [0x00000000d6300000, 0x00000000df400000, 0x0000000100000000)
  eden space 65536K, 99% used [0x00000000d6300000,0x00000000da2f8be0,0x00000000da300000)
  from space 5120K, 0% used [0x00000000da300000,0x00000000da300000,0x00000000da800000)
  to   space 8704K, 0% used [0x00000000deb80000,0x00000000deb80000,0x00000000df400000)
 ParOldGen       total 52224K, used 5228K [0x0000000082800000, 0x0000000085b00000, 0x00000000d6300000)
  object space 52224K, 10% used [0x0000000082800000,0x0000000082d1b138,0x0000000085b00000)
 Metaspace       used 22799K, capacity 23420K, committed 23728K, reserved 1069056K
  class space    used 2940K, capacity 3127K, committed 3248K, reserved 1048576K
Event: 2.271 GC heap after
Heap after GC invocations=7 (full 1):
 PSYoungGen      total 112128K, used 4834K [0x00000000d6300000, 0x00000000df080000, 0x0000000100000000)
  eden space 107008K, 0% used [0x00000000d6300000,0x00000000d6300000,0x00000000dcb80000)
  from space 5120K, 94% used [0x00000000deb80000,0x00000000df038880,0x00000000df080000)
  to   space 8704K, 0% used [0x00000000ddf80000,0x00000000ddf80000,0x00000000de800000)
 ParOldGen       total 52224K, used 5300K [0x0000000082800000, 0x0000000085b00000, 0x00000000d6300000)
  object space 52224K, 10% used [0x0000000082800000,0x0000000082d2d148,0x0000000085b00000)
 Metaspace       used 22799K, capacity 23420K, committed 23728K, reserved 1069056K
  class space    used 2940K, capacity 3127K, committed 3248K, reserved 1048576K
}
Event: 3.208 GC heap before
{Heap before GC invocations=8 (full 1):
 PSYoungGen      total 112128K, used 111842K [0x00000000d6300000, 0x00000000df080000, 0x0000000100000000)
  eden space 107008K, 100% used [0x00000000d6300000,0x00000000dcb80000,0x00000000dcb80000)
  from space 5120K, 94% used [0x00000000deb80000,0x00000000df038880,0x00000000df080000)
  to   space 8704K, 0% used [0x00000000ddf80000,0x00000000ddf80000,0x00000000de800000)
 ParOldGen       total 52224K, used 5300K [0x0000000082800000, 0x0000000085b00000, 0x00000000d6300000)
  object space 52224K, 10% used [0x0000000082800000,0x0000000082d2d148,0x0000000085b00000)
 Metaspace       used 26162K, capacity 26932K, committed 27184K, reserved 1073152K
  class space    used 3412K, capacity 3615K, committed 3632K, reserved 1048576K
Event: 3.225 GC heap after
Heap after GC invocations=8 (full 1):
 PSYoungGen      total 136192K, used 8702K [0x00000000d6300000, 0x00000000e1e80000, 0x0000000100000000)
  eden space 127488K, 0% used [0x00000000d6300000,0x00000000d6300000,0x00000000ddf80000)
  from space 8704K, 99% used [0x00000000ddf80000,0x00000000de7ffa38,0x00000000de800000)
  to   space 10752K, 0% used [0x00000000e1400000,0x00000000e1400000,0x00000000e1e80000)
 ParOldGen       total 52224K, used 6773K [0x0000000082800000, 0x0000000085b00000, 0x00000000d6300000)
  object space 52224K, 12% used [0x0000000082800000,0x0000000082e9d7d8,0x0000000085b00000)
 Metaspace       used 26162K, capacity 26932K, committed 27184K, reserved 1073152K
  class space    used 3412K, capacity 3615K, committed 3632K, reserved 1048576K
}
Event: 5.397 GC heap before
{Heap before GC invocations=9 (full 1):
 PSYoungGen      total 136192K, used 136190K [0x00000000d6300000, 0x00000000e1e80000, 0x0000000100000000)
  eden space 127488K, 100% used [0x00000000d6300000,0x00000000ddf80000,0x00000000ddf80000)
  from space 8704K, 99% used [0x00000000ddf80000,0x00000000de7ffa38,0x00000000de800000)
  to   space 10752K, 0% used [0x00000000e1400000,0x00000000e1400000,0x00000000e1e80000)
 ParOldGen       total 52224K, used 6773K [0x0000000082800000, 0x0000000085b00000, 0x00000000d6300000)
  object space 52224K, 12% used [0x0000000082800000,0x0000000082e9d7d8,0x0000000085b00000)
 Metaspace       used 33806K, capacity 35288K, committed 35496K, reserved 1079296K
  class space    used 4415K, capacity 4699K, committed 4784K, reserved 1048576K
Event: 5.418 GC heap after
Heap after GC invocations=9 (full 1):
 PSYoungGen      total 138240K, used 10741K [0x00000000d6300000, 0x00000000e1e80000, 0x0000000100000000)
  eden space 127488K, 0% used [0x00000000d6300000,0x00000000d6300000,0x00000000ddf80000)
  from space 10752K, 99% used [0x00000000e1400000,0x00000000e1e7d5a0,0x00000000e1e80000)
  to   space 8704K, 0% used [0x00000000ddf80000,0x00000000ddf80000,0x00000000de800000)
 ParOldGen       total 52224K, used 11591K [0x0000000082800000, 0x0000000085b00000, 0x00000000d6300000)
  object space 52224K, 22% used [0x0000000082800000,0x0000000083351ce8,0x0000000085b00000)
 Metaspace       used 33806K, capacity 35288K, committed 35496K, reserved 1079296K
  class space    used 4415K, capacity 4699K, committed 4784K, reserved 1048576K
}
Event: 5.439 GC heap before
{Heap before GC invocations=10 (full 1):
 PSYoungGen      total 138240K, used 12711K [0x00000000d6300000, 0x00000000e1e80000, 0x0000000100000000)
  eden space 127488K, 1% used [0x00000000d6300000,0x00000000d64ec778,0x00000000ddf80000)
  from space 10752K, 99% used [0x00000000e1400000,0x00000000e1e7d5a0,0x00000000e1e80000)
  to   space 8704K, 0% used [0x00000000ddf80000,0x00000000ddf80000,0x00000000de800000)
 ParOldGen       total 52224K, used 11591K [0x0000000082800000, 0x0000000085b00000, 0x00000000d6300000)
  object space 52224K, 22% used [0x0000000082800000,0x0000000083351ce8,0x0000000085b00000)
 Metaspace       used 33925K, capacity 35352K, committed 35496K, reserved 1079296K
  class space    used 4424K, capacity 4699K, committed 4784K, reserved 1048576K
Event: 5.458 GC heap after
Heap after GC invocations=10 (full 1):
 PSYoungGen      total 136192K, used 8686K [0x00000000d6300000, 0x00000000e1e80000, 0x0000000100000000)
  eden space 127488K, 0% used [0x00000000d6300000,0x00000000d6300000,0x00000000ddf80000)
  from space 8704K, 99% used [0x00000000ddf80000,0x00000000de7fb830,0x00000000de800000)
  to   space 10752K, 0% used [0x00000000e1400000,0x00000000e1400000,0x00000000e1e80000)
 ParOldGen       total 52224K, used 13740K [0x0000000082800000, 0x0000000085b00000, 0x00000000d6300000)
  object space 52224K, 26% used [0x0000000082800000,0x000000008356b100,0x0000000085b00000)
 Metaspace       used 33925K, capacity 35352K, committed 35496K, reserved 1079296K
  class space    used 4424K, capacity 4699K, committed 4784K, reserved 1048576K
}
Event: 5.458 GC heap before
{Heap before GC invocations=11 (full 2):
 PSYoungGen      total 136192K, used 8686K [0x00000000d6300000, 0x00000000e1e80000, 0x0000000100000000)
  eden space 127488K, 0% used [0x00000000d6300000,0x00000000d6300000,0x00000000ddf80000)
  from space 8704K, 99% used [0x00000000ddf80000,0x00000000de7fb830,0x00000000de800000)
  to   space 10752K, 0% used [0x00000000e1400000,0x00000000e1400000,0x00000000e1e80000)
 ParOldGen       total 52224K, used 13740K [0x0000000082800000, 0x0000000085b00000, 0x00000000d6300000)
  object space 52224K, 26% used [0x0000000082800000,0x000000008356b100,0x0000000085b00000)
 Metaspace       used 33925K, capacity 35352K, committed 35496K, reserved 1079296K
  class space    used 4424K, capacity 4699K, committed 4784K, reserved 1048576K
Event: 5.522 GC heap after
Heap after GC invocations=11 (full 2):
 PSYoungGen      total 136192K, used 0K [0x00000000d6300000, 0x00000000e1e80000, 0x0000000100000000)
  eden space 127488K, 0% used [0x00000000d6300000,0x00000000d6300000,0x00000000ddf80000)
  from space 8704K, 0% used [0x00000000ddf80000,0x00000000ddf80000,0x00000000de800000)
  to   space 10752K, 0% used [0x00000000e1400000,0x00000000e1400000,0x00000000e1e80000)
 ParOldGen       total 52224K, used 16108K [0x0000000082800000, 0x0000000085b00000, 0x00000000d6300000)
  object space 52224K, 30% used [0x0000000082800000,0x00000000837bb2c8,0x0000000085b00000)
 Metaspace       used 33925K, capacity 35352K, committed 35496K, reserved 1079296K
  class space    used 4424K, capacity 4699K, committed 4784K, reserved 1048576K
}

